<?xml version="1.0" encoding="UTF-8"?>
<!-- Generated by org.testng.reporters.JUnitXMLReporter -->
<testsuite hostname="DESKTOP-KJI7EVB" ignored="0" name="Test" tests="8" failures="0" timestamp="2023-03-29T17:34:58 AEDT" time="20.038" errors="0">
  <testcase name="testcase1" time="7.008" classname="org.testing.testCases.TC1_PostRequest"/>
  <testcase name="testcase8" time="0.965" classname="org.testing.testCases.TC8_GetAllEmployees"/>
  <testcase name="testcase6" time="0.678" classname="org.testing.testCases.TC6_PostEmployeeRecord"/>
  <testcase name="testcase4" time="2.13" classname="org.testing.testCases.TC4_UpdateRequest"/>
  <testcase name="testcase5" time="2.108" classname="org.testing.testCases.TC5_DeleteRequest"/>
  <testcase name="testcase2" time="2.139" classname="org.testing.testCases.TC2_GetAllRequest"/>
  <testcase name="testcase7" time="0.638" classname="org.testing.testCases.TC7_GetParticularEmployeeData"/>
  <testcase name="testcase3" time="4.28" classname="org.testing.testCases.TC3_GetParticularRecord"/>
</testsuite> <!-- Test -->
