<?xml version="1.0" encoding="UTF-8"?>
<testng-results skipped="0" failed="0" ignored="0" total="1" passed="1">
  <reporter-output>
  </reporter-output>
  <suite name="Default suite" duration-ms="3539" started-at="2023-03-29T21:58:39 AEDT" finished-at="2023-03-29T21:58:42 AEDT">
    <groups>
    </groups>
    <test name="Default test" duration-ms="3539" started-at="2023-03-29T21:58:39 AEDT" finished-at="2023-03-29T21:58:42 AEDT">
      <class name="org.testing.testCases.TC7_GetParticularEmployeeData">
        <test-method status="PASS" signature="testcase7()[pri:0, instance:org.testing.testCases.TC7_GetParticularEmployeeData@80503]" name="testcase7" duration-ms="3482" started-at="2023-03-29T21:58:39 AEDT" finished-at="2023-03-29T21:58:42 AEDT">
          <reporter-output>
          </reporter-output>
        </test-method> <!-- testcase7 -->
      </class> <!-- org.testing.testCases.TC7_GetParticularEmployeeData -->
    </test> <!-- Default test -->
  </suite> <!-- Default suite -->
</testng-results>
